<?xml version="1.0" encoding="UTF-8"?>
<!-- Generated by org.testng.reporters.JUnitReportReporter -->
<testsuite hostname="DESKTOP-H3UQ7ED" failures="0" tests="1" name="tests.TC05_ValidateBottomLinks" time="66.845" errors="0" timestamp="2024-01-08T22:04:50 IST" skipped="0">
  <testcase classname="tests.TC05_ValidateBottomLinks" name="ValidateBottomLinks" time="66.845"/>
</testsuite> <!-- tests.TC05_ValidateBottomLinks -->
